<?xml version="1.0" encoding="UTF-8"?>
<testng-results skipped="0" failed="1" total="1" passed="0">
  <reporter-output>
  </reporter-output>
  <suite name="Default suite" duration-ms="679833" started-at="2018-02-15T12:16:52Z" finished-at="2018-02-15T12:28:12Z">
    <groups>
    </groups>
    <test name="Default test" duration-ms="679833" started-at="2018-02-15T12:16:52Z" finished-at="2018-02-15T12:28:12Z">
      <class name="paper.working">
        <test-method status="FAIL" signature="automation()[pri:0, instance:paper.working@335eadca]" name="automation" duration-ms="679783" started-at="2018-02-15T17:46:52Z" finished-at="2018-02-15T17:58:12Z">
          <exception class="org.openqa.selenium.NoSuchSessionException">
            <message>
              <![CDATA[A session is either terminated or not started (WARNING: The server did not provide any stacktrace information)
Command duration or timeout: 602.26 seconds
Build info: version: 'unknown', revision: 'unknown', time: 'unknown'
System info: host: 'SYB-LP-TEST-010', ip: '192.168.1.215', os.name: 'Windows 7', os.arch: 'amd64', os.version: '6.1', java.version: '1.8.0_144'
Driver info: io.appium.java_client.android.AndroidDriver
Capabilities [{app=C:\Users\Mathivathani\eclipse-workspace\Hindu\apk\hindu.apk, appPackage=com.tamilthehindu, deviceScreenSize=720x1280, networkConnectionEnabled=true, warnings={}, databaseEnabled=false, deviceName=ZY223K962H, version=7.0.1, platform=LINUX, deviceUDID=ZY223K962H, appActivity=com.tamilthehindu.SplashScreenActivity, desired={app=C:\Users\Mathivathani\eclipse-workspace\Hindu\apk\hindu.apk, appPackage=com.tamilthehindu, appActivity=com.tamilthehindu.SplashScreenActivity, browserName=Android, platformName=Android, deviceName=ZY223K962H, version=7.0.1}, platformVersion=7.1.1, webStorageEnabled=false, locationContextEnabled=false, takesScreenshot=true, browserName=Android, javascriptEnabled=true, deviceModel=Moto G Play, platformName=Android, deviceManufacturer=motorola}]
Session ID: 3c6d3bfb-3dad-45ca-aa23-764b589b770c
*** Element info: {Using=xpath, value=.//android.view.ViewGroup[@resource-id='com.tamilthehindu:id/toolbar']}]]>
            </message>
            <full-stacktrace>
              <![CDATA[org.openqa.selenium.NoSuchSessionException: A session is either terminated or not started (WARNING: The server did not provide any stacktrace information)
Command duration or timeout: 602.26 seconds
Build info: version: 'unknown', revision: 'unknown', time: 'unknown'
System info: host: 'SYB-LP-TEST-010', ip: '192.168.1.215', os.name: 'Windows 7', os.arch: 'amd64', os.version: '6.1', java.version: '1.8.0_144'
Driver info: io.appium.java_client.android.AndroidDriver
Capabilities [{app=C:\Users\Mathivathani\eclipse-workspace\Hindu\apk\hindu.apk, appPackage=com.tamilthehindu, deviceScreenSize=720x1280, networkConnectionEnabled=true, warnings={}, databaseEnabled=false, deviceName=ZY223K962H, version=7.0.1, platform=LINUX, deviceUDID=ZY223K962H, appActivity=com.tamilthehindu.SplashScreenActivity, desired={app=C:\Users\Mathivathani\eclipse-workspace\Hindu\apk\hindu.apk, appPackage=com.tamilthehindu, appActivity=com.tamilthehindu.SplashScreenActivity, browserName=Android, platformName=Android, deviceName=ZY223K962H, version=7.0.1}, platformVersion=7.1.1, webStorageEnabled=false, locationContextEnabled=false, takesScreenshot=true, browserName=Android, javascriptEnabled=true, deviceModel=Moto G Play, platformName=Android, deviceManufacturer=motorola}]
Session ID: 3c6d3bfb-3dad-45ca-aa23-764b589b770c
*** Element info: {Using=xpath, value=.//android.view.ViewGroup[@resource-id='com.tamilthehindu:id/toolbar']}
	at sun.reflect.NativeConstructorAccessorImpl.newInstance0(Native Method)
	at sun.reflect.NativeConstructorAccessorImpl.newInstance(NativeConstructorAccessorImpl.java:62)
	at sun.reflect.DelegatingConstructorAccessorImpl.newInstance(DelegatingConstructorAccessorImpl.java:45)
	at java.lang.reflect.Constructor.newInstance(Constructor.java:423)
	at org.openqa.selenium.remote.ErrorHandler.createThrowable(ErrorHandler.java:215)
	at org.openqa.selenium.remote.ErrorHandler.throwIfResponseFailed(ErrorHandler.java:167)
	at org.openqa.selenium.remote.RemoteWebDriver.execute(RemoteWebDriver.java:671)
	at io.appium.java_client.DefaultGenericMobileDriver.execute(DefaultGenericMobileDriver.java:42)
	at io.appium.java_client.AppiumDriver.execute(AppiumDriver.java:1)
	at io.appium.java_client.android.AndroidDriver.execute(AndroidDriver.java:1)
	at org.openqa.selenium.remote.RemoteWebDriver.findElements(RemoteWebDriver.java:437)
	at io.appium.java_client.DefaultGenericMobileDriver.findElements(DefaultGenericMobileDriver.java:54)
	at io.appium.java_client.AppiumDriver.findElements(AppiumDriver.java:168)
	at org.openqa.selenium.remote.RemoteWebDriver.findElementsByXPath(RemoteWebDriver.java:513)
	at io.appium.java_client.DefaultGenericMobileDriver.findElementsByXPath(DefaultGenericMobileDriver.java:144)
	at io.appium.java_client.AppiumDriver.findElementsByXPath(AppiumDriver.java:200)
	at org.openqa.selenium.By$ByXPath.findElements(By.java:356)
	at org.openqa.selenium.remote.RemoteWebDriver.findElements(RemoteWebDriver.java:398)
	at io.appium.java_client.DefaultGenericMobileDriver.findElements(DefaultGenericMobileDriver.java:50)
	at io.appium.java_client.AppiumDriver.findElements(AppiumDriver.java:164)
	at paper.working.updateresult(working.java:82)
	at paper.working.automation(working.java:73)
	at sun.reflect.NativeMethodAccessorImpl.invoke0(Native Method)
	at sun.reflect.NativeMethodAccessorImpl.invoke(NativeMethodAccessorImpl.java:62)
	at sun.reflect.DelegatingMethodAccessorImpl.invoke(DelegatingMethodAccessorImpl.java:43)
	at java.lang.reflect.Method.invoke(Method.java:498)
	at org.testng.internal.MethodInvocationHelper.invokeMethod(MethodInvocationHelper.java:80)
	at org.testng.internal.Invoker.invokeMethod(Invoker.java:715)
	at org.testng.internal.Invoker.invokeTestMethod(Invoker.java:907)
	at org.testng.internal.Invoker.invokeTestMethods(Invoker.java:1237)
	at org.testng.internal.TestMethodWorker.invokeTestMethods(TestMethodWorker.java:127)
	at org.testng.internal.TestMethodWorker.run(TestMethodWorker.java:111)
	at org.testng.TestRunner.privateRun(TestRunner.java:767)
	at org.testng.TestRunner.run(TestRunner.java:617)
	at org.testng.SuiteRunner.runTest(SuiteRunner.java:334)
	at org.testng.SuiteRunner.runSequentially(SuiteRunner.java:329)
	at org.testng.SuiteRunner.privateRun(SuiteRunner.java:291)
	at org.testng.SuiteRunner.run(SuiteRunner.java:240)
	at org.testng.SuiteRunnerWorker.runSuite(SuiteRunnerWorker.java:51)
	at org.testng.SuiteRunnerWorker.run(SuiteRunnerWorker.java:85)
	at org.testng.TestNG.runSuitesSequentially(TestNG.java:1197)
	at org.testng.TestNG.runSuitesLocally(TestNG.java:1122)
	at org.testng.TestNG.run(TestNG.java:1030)
	at org.testng.remote.AbstractRemoteTestNG.run(AbstractRemoteTestNG.java:114)
	at org.testng.remote.RemoteTestNG.initAndRun(RemoteTestNG.java:251)
	at org.testng.remote.RemoteTestNG.main(RemoteTestNG.java:77)
]]>
            </full-stacktrace>
          </exception> <!-- org.openqa.selenium.NoSuchSessionException -->
          <reporter-output>
          </reporter-output>
        </test-method> <!-- automation -->
      </class> <!-- paper.working -->
    </test> <!-- Default test -->
  </suite> <!-- Default suite -->
</testng-results>
